current directory: /home/moletsane/Documents/Workspace/openmrs-module-bahmnicore-092/gems/ffi-1.0.0/ext/ffi_c
/home/moletsane/.rbenv/versions/3.3.4/bin/ruby extconf.rb
*** extconf.rb failed ***
Could not create Makefile due to some reason, probably lack of necessary
libraries and/or headers.  Check the mkmf.log file for more details.  You may
need configuration options.

Provided configuration options:
	--with-opt-dir
	--without-opt-dir
	--with-opt-include=${opt-dir}/include
	--without-opt-include
	--with-opt-lib=${opt-dir}/lib
	--without-opt-lib
	--with-make-prog
	--without-make-prog
	--srcdir=.
	--curdir
	--ruby=/home/moletsane/.rbenv/versions/3.3.4/bin/$(RUBY_BASE_NAME)
	--with-ffi_c-dir
	--without-ffi_c-dir
	--with-ffi_c-include=${ffi_c-dir}/include
	--without-ffi_c-include
	--with-ffi_c-lib=${ffi_c-dir}/lib
	--without-ffi_c-lib
extconf.rb:6:in `<main>': uninitialized constant Config (NameError)

unless Config::CONFIG['host_os'] =~ /mswin32|mingw32/
       ^^^^^^
Did you mean?  RbConfig
               CONFIG

extconf failed, exit code 1
